[15May2023 00:00:12.615] [Server thread/INFO] [net.minecraft.server.dedicated.DedicatedServer/]: XTACISSS has made the advancement [Stone Age]
[15May2023 00:00:47.150] [Server thread/INFO] [net.minecraft.server.network.ServerGamePacketListenerImpl/]: Orlandisimo lost connection: Disconnected
[15May2023 00:00:47.150] [Server thread/INFO] [net.minecraft.server.dedicated.DedicatedServer/]: Orlandisimo left the game
[15May2023 00:00:47.152] [Server thread/INFO] [voicechat/]: Disconnecting client Orlandisimo
[15May2023 00:05:19.887] [User Authenticator #4/INFO] [net.minecraft.server.network.ServerLoginPacketListenerImpl/]: UUID of player Orlandisimo is 5af39878-7b95-44a4-a45f-7e4665c6bd1d
[15May2023 00:05:23.355] [Server thread/INFO] [net.minecraftforge.common.AdvancementLoadFix/]: Using new advancement loading for net.minecraft.server.PlayerAdvancements@1aa6d813
[15May2023 00:05:23.366] [Server thread/INFO] [net.minecraft.server.players.PlayerList/]: Orlandisimo[/[0:0:0:0:0:0:0:1]:55239] logged in with entity id 56898 at (-0.48628721064240654, 91.17969868616575, 3685.952690272392)
[15May2023 00:05:23.369] [Server thread/INFO] [ModdingLegacy/blue_skies/]: Sending ToolHandleTypeManager to Orlandisimo
[15May2023 00:05:23.370] [Server thread/INFO] [ModdingLegacy/blue_skies/]: Sending SnowcapOvenFreezingManager to Orlandisimo
[15May2023 00:05:23.370] [Server thread/INFO] [ModdingLegacy/blue_skies/]: Sending HorizoniteForgeFuelManager to Orlandisimo
[15May2023 00:05:23.370] [Server thread/INFO] [ModdingLegacy/blue_skies/]: Sending AlchemyRecipeManager to Orlandisimo
[15May2023 00:05:23.371] [Server thread/INFO] [ModdingLegacy/blue_skies/]: Sending JournalEntryManager to Orlandisimo
[15May2023 00:05:23.375] [Server thread/INFO] [ModdingLegacy/blue_skies/]: Sending JournalSectionManager to Orlandisimo
[15May2023 00:05:23.377] [Server thread/INFO] [ModdingLegacy/blue_skies/]: Sending JournalRequirementManager to Orlandisimo
[15May2023 00:05:23.381] [Server thread/INFO] [net.minecraft.server.dedicated.DedicatedServer/]: Orlandisimo joined the game
[15May2023 00:05:23.403] [Server thread/INFO] [Waila/]: Syncing config to Orlandisimo (5af39878-7b95-44a4-a45f-7e4665c6bd1d)
[15May2023 00:05:23.409] [Netty Server IO #6/ERROR] [net.minecraft.commands.synchronization.ArgumentTypes/]: Could not serialize cpw.mods.inventorysorter.InventorySorterCommand$ContainerClassArgument@3961063c (class cpw.mods.inventorysorter.InventorySorterCommand$ContainerClassArgument) - will not be sent to client!
[15May2023 00:05:23.411] [Netty Server IO #6/ERROR] [net.minecraft.commands.synchronization.ArgumentTypes/]: Could not serialize cpw.mods.inventorysorter.InventorySorterCommand$ContainerClassArgument@c1cde2d (class cpw.mods.inventorysorter.InventorySorterCommand$ContainerClassArgument) - will not be sent to client!
[15May2023 00:05:24.771] [Server thread/INFO] [voicechat/]: Received secret request of Orlandisimo (17)
[15May2023 00:05:24.772] [Server thread/INFO] [voicechat/]: Sent secret to Orlandisimo
[15May2023 00:05:42.206] [Server thread/WARN] [net.minecraft.server.network.ServerGamePacketListenerImpl/]: Orlandisimo moved too quickly! -2.6506429939877023,15.880275480299673,8.554893634021028
[15May2023 00:11:28.110] [Server thread/INFO] [net.minecraft.server.dedicated.DedicatedServer/]: [XTACISSS: Teleported XTACISSS to Orlandisimo]
[15May2023 00:11:28.124] [Server thread/WARN] [net.minecraft.server.network.ServerGamePacketListenerImpl/]: XTACISSS moved too quickly! 1527.6764201290516,-63.99866402088786,2365.7593293169466
[15May2023 00:11:28.126] [Server thread/WARN] [net.minecraft.server.network.ServerGamePacketListenerImpl/]: XTACISSS moved too quickly! 1527.6764201290516,-63.99866402088786,2365.7593293169466
[15May2023 00:15:22.165] [Server thread/INFO] [net.minecraft.server.dedicated.DedicatedServer/]: XTACISSS has made the advancement [Jaws]
[15May2023 00:16:30.356] [Server thread/INFO] [net.minecraft.server.dedicated.DedicatedServer/]: Orlandisimo has made the advancement [Jaws]
[15May2023 00:18:04.035] [Server thread/INFO] [net.minecraft.server.dedicated.DedicatedServer/]: [XTACISSS: Teleported XTACISSS to Orlandisimo]
[15May2023 00:20:58.319] [Server thread/WARN] [net.minecraft.server.level.ServerPlayerGameMode/]: Mismatch in destroy block pos: BlockPos{x=-804, y=64, z=6252} BlockPos{x=-804, y=62, z=6252}
[15May2023 00:29:02.183] [Netty Server IO #6/ERROR] [net.minecraft.network.PacketEncoder/]: Error receiving packet 15
java.lang.NullPointerException: Cannot invoke "java.util.UUID.getMostSignificantBits()" because "p_130078_" is null
	at net.minecraft.network.FriendlyByteBuf.m_130077_(FriendlyByteBuf.java:371) ~[server-1.18.2-20220404.173914-srg.jar%2389!/:?]
	at net.minecraft.network.protocol.game.ClientboundChatPacket.m_5779_(ClientboundChatPacket.java:31) ~[server-1.18.2-20220404.173914-srg.jar%2389!/:?]
	at net.minecraft.network.PacketEncoder.encode(PacketEncoder.java:45) ~[server-1.18.2-20220404.173914-srg.jar%2389!/:?]
	at net.minecraft.network.PacketEncoder.encode(PacketEncoder.java:14) ~[server-1.18.2-20220404.173914-srg.jar%2389!/:?]
	at io.netty.handler.codec.MessageToByteEncoder.write(MessageToByteEncoder.java:107) ~[netty-all-4.1.68.Final.jar%2329!/:4.1.68.Final]
	at io.netty.channel.AbstractChannelHandlerContext.invokeWrite0(AbstractChannelHandlerContext.java:717) ~[netty-all-4.1.68.Final.jar%2329!/:4.1.68.Final]
	at io.netty.channel.AbstractChannelHandlerContext.invokeWrite(AbstractChannelHandlerContext.java:709) ~[netty-all-4.1.68.Final.jar%2329!/:4.1.68.Final]
	at io.netty.channel.AbstractChannelHandlerContext.write(AbstractChannelHandlerContext.java:792) ~[netty-all-4.1.68.Final.jar%2329!/:4.1.68.Final]
	at io.netty.channel.AbstractChannelHandlerContext.write(AbstractChannelHandlerContext.java:702) ~[netty-all-4.1.68.Final.jar%2329!/:4.1.68.Final]
	at io.netty.handler.codec.MessageToMessageEncoder.write(MessageToMessageEncoder.java:110) ~[netty-all-4.1.68.Final.jar%2329!/:4.1.68.Final]
	at io.netty.channel.AbstractChannelHandlerContext.invokeWrite0(AbstractChannelHandlerContext.java:717) ~[netty-all-4.1.68.Final.jar%2329!/:4.1.68.Final]
	at io.netty.channel.AbstractChannelHandlerContext.invokeWriteAndFlush(AbstractChannelHandlerContext.java:764) ~[netty-all-4.1.68.Final.jar%2329!/:4.1.68.Final]
	at io.netty.channel.AbstractChannelHandlerContext.write(AbstractChannelHandlerContext.java:790) ~[netty-all-4.1.68.Final.jar%2329!/:4.1.68.Final]
	at io.netty.channel.AbstractChannelHandlerContext.writeAndFlush(AbstractChannelHandlerContext.java:758) ~[netty-all-4.1.68.Final.jar%2329!/:4.1.68.Final]
	at io.netty.channel.AbstractChannelHandlerContext.writeAndFlush(AbstractChannelHandlerContext.java:808) ~[netty-all-4.1.68.Final.jar%2329!/:4.1.68.Final]
	at io.netty.channel.DefaultChannelPipeline.writeAndFlush(DefaultChannelPipeline.java:1025) ~[netty-all-4.1.68.Final.jar%2329!/:4.1.68.Final]
	at io.netty.channel.AbstractChannel.writeAndFlush(AbstractChannel.java:306) ~[netty-all-4.1.68.Final.jar%2329!/:4.1.68.Final]
	at net.minecraft.network.Connection.m_178303_(Connection.java:214) ~[server-1.18.2-20220404.173914-srg.jar%2389!/:?]
	at net.minecraft.network.Connection.lambda$sendPacket$8(Connection.java:203) ~[server-1.18.2-20220404.173914-srg.jar%2389!/:?]
	at io.netty.util.concurrent.AbstractEventExecutor.safeExecute(AbstractEventExecutor.java:164) [netty-all-4.1.68.Final.jar%2329!/:4.1.68.Final]
	at io.netty.util.concurrent.SingleThreadEventExecutor.runAllTasks(SingleThreadEventExecutor.java:469) [netty-all-4.1.68.Final.jar%2329!/:4.1.68.Final]
	at io.netty.channel.nio.NioEventLoop.run(NioEventLoop.java:500) [netty-all-4.1.68.Final.jar%2329!/:4.1.68.Final]
	at io.netty.util.concurrent.SingleThreadEventExecutor$4.run(SingleThreadEventExecutor.java:986) [netty-all-4.1.68.Final.jar%2329!/:4.1.68.Final]
	at io.netty.util.internal.ThreadExecutorMap$2.run(ThreadExecutorMap.java:74) [netty-all-4.1.68.Final.jar%2329!/:4.1.68.Final]
	at java.lang.Thread.run(Thread.java:833) [?:?]
[15May2023 00:29:02.184] [Netty Server IO #6/ERROR] [net.minecraft.network.PacketEncoder/]: Error receiving packet 15
java.lang.NullPointerException: Cannot invoke "java.util.UUID.getMostSignificantBits()" because "p_130078_" is null
	at net.minecraft.network.FriendlyByteBuf.m_130077_(FriendlyByteBuf.java:371) ~[server-1.18.2-20220404.173914-srg.jar%2389!/:?]
	at net.minecraft.network.protocol.game.ClientboundChatPacket.m_5779_(ClientboundChatPacket.java:31) ~[server-1.18.2-20220404.173914-srg.jar%2389!/:?]
	at net.minecraft.network.PacketEncoder.encode(PacketEncoder.java:45) ~[server-1.18.2-20220404.173914-srg.jar%2389!/:?]
	at net.minecraft.network.PacketEncoder.encode(PacketEncoder.java:14) ~[server-1.18.2-20220404.173914-srg.jar%2389!/:?]
	at io.netty.handler.codec.MessageToByteEncoder.write(MessageToByteEncoder.java:107) ~[netty-all-4.1.68.Final.jar%2329!/:4.1.68.Final]
	at io.netty.channel.AbstractChannelHandlerContext.invokeWrite0(AbstractChannelHandlerContext.java:717) ~[netty-all-4.1.68.Final.jar%2329!/:4.1.68.Final]
	at io.netty.channel.AbstractChannelHandlerContext.invokeWrite(AbstractChannelHandlerContext.java:709) ~[netty-all-4.1.68.Final.jar%2329!/:4.1.68.Final]
	at io.netty.channel.AbstractChannelHandlerContext.write(AbstractChannelHandlerContext.java:792) ~[netty-all-4.1.68.Final.jar%2329!/:4.1.68.Final]
	at io.netty.channel.AbstractChannelHandlerContext.write(AbstractChannelHandlerContext.java:702) ~[netty-all-4.1.68.Final.jar%2329!/:4.1.68.Final]
	at io.netty.handler.codec.MessageToMessageEncoder.write(MessageToMessageEncoder.java:110) ~[netty-all-4.1.68.Final.jar%2329!/:4.1.68.Final]
	at io.netty.channel.AbstractChannelHandlerContext.invokeWrite0(AbstractChannelHandlerContext.java:717) ~[netty-all-4.1.68.Final.jar%2329!/:4.1.68.Final]
	at io.netty.channel.AbstractChannelHandlerContext.invokeWriteAndFlush(AbstractChannelHandlerContext.java:764) ~[netty-all-4.1.68.Final.jar%2329!/:4.1.68.Final]
	at io.netty.channel.AbstractChannelHandlerContext.write(AbstractChannelHandlerContext.java:790) ~[netty-all-4.1.68.Final.jar%2329!/:4.1.68.Final]
	at io.netty.channel.AbstractChannelHandlerContext.writeAndFlush(AbstractChannelHandlerContext.java:758) ~[netty-all-4.1.68.Final.jar%2329!/:4.1.68.Final]
	at io.netty.channel.AbstractChannelHandlerContext.writeAndFlush(AbstractChannelHandlerContext.java:808) ~[netty-all-4.1.68.Final.jar%2329!/:4.1.68.Final]
	at io.netty.channel.DefaultChannelPipeline.writeAndFlush(DefaultChannelPipeline.java:1025) ~[netty-all-4.1.68.Final.jar%2329!/:4.1.68.Final]
	at io.netty.channel.AbstractChannel.writeAndFlush(AbstractChannel.java:306) ~[netty-all-4.1.68.Final.jar%2329!/:4.1.68.Final]
	at net.minecraft.network.Connection.m_178303_(Connection.java:214) ~[server-1.18.2-20220404.173914-srg.jar%2389!/:?]
	at net.minecraft.network.Connection.m_129520_(Connection.java:200) ~[server-1.18.2-20220404.173914-srg.jar%2389!/:?]
	at net.minecraft.network.Connection.m_129514_(Connection.java:183) ~[server-1.18.2-20220404.173914-srg.jar%2389!/:?]
	at net.minecraft.server.network.ServerGamePacketListenerImpl.m_9831_(ServerGamePacketListenerImpl.java:1078) ~[server-1.18.2-20220404.173914-srg.jar%2389!/:?]
	at net.minecraft.server.network.ServerGamePacketListenerImpl.m_141995_(ServerGamePacketListenerImpl.java:1073) ~[server-1.18.2-20220404.173914-srg.jar%2389!/:?]
	at net.minecraft.server.level.ServerPlayer.lambda$sendMessage$10(ServerPlayer.java:1244) ~[server-1.18.2-20220404.173914-srg.jar%2389!/:?]
	at io.netty.util.concurrent.DefaultPromise.notifyListener0(DefaultPromise.java:578) ~[netty-all-4.1.68.Final.jar%2329!/:4.1.68.Final]
	at io.netty.util.concurrent.DefaultPromise.notifyListenersNow(DefaultPromise.java:552) ~[netty-all-4.1.68.Final.jar%2329!/:4.1.68.Final]
	at io.netty.util.concurrent.DefaultPromise.notifyListeners(DefaultPromise.java:491) ~[netty-all-4.1.68.Final.jar%2329!/:4.1.68.Final]
	at io.netty.util.concurrent.DefaultPromise.addListener(DefaultPromise.java:184) ~[netty-all-4.1.68.Final.jar%2329!/:4.1.68.Final]
	at io.netty.channel.DefaultChannelPromise.addListener(DefaultChannelPromise.java:95) ~[netty-all-4.1.68.Final.jar%2329!/:4.1.68.Final]
	at io.netty.channel.DefaultChannelPromise.addListener(DefaultChannelPromise.java:30) ~[netty-all-4.1.68.Final.jar%2329!/:4.1.68.Final]
	at net.minecraft.network.Connection.m_178303_(Connection.java:216) ~[server-1.18.2-20220404.173914-srg.jar%2389!/:?]
	at net.minecraft.network.Connection.lambda$sendPacket$8(Connection.java:203) ~[server-1.18.2-20220404.173914-srg.jar%2389!/:?]
	at io.netty.util.concurrent.AbstractEventExecutor.safeExecute(AbstractEventExecutor.java:164) [netty-all-4.1.68.Final.jar%2329!/:4.1.68.Final]
	at io.netty.util.concurrent.SingleThreadEventExecutor.runAllTasks(SingleThreadEventExecutor.java:469) [netty-all-4.1.68.Final.jar%2329!/:4.1.68.Final]
	at io.netty.channel.nio.NioEventLoop.run(NioEventLoop.java:500) [netty-all-4.1.68.Final.jar%2329!/:4.1.68.Final]
	at io.netty.util.concurrent.SingleThreadEventExecutor$4.run(SingleThreadEventExecutor.java:986) [netty-all-4.1.68.Final.jar%2329!/:4.1.68.Final]
	at io.netty.util.internal.ThreadExecutorMap$2.run(ThreadExecutorMap.java:74) [netty-all-4.1.68.Final.jar%2329!/:4.1.68.Final]
	at java.lang.Thread.run(Thread.java:833) [?:?]
[15May2023 00:29:54.286] [Server thread/INFO] [net.minecraft.server.dedicated.DedicatedServer/]: [Orlandisimo: Teleported Orlandisimo to XTACISSS]
[15May2023 00:34:08.069] [Netty Server IO #6/ERROR] [net.minecraft.network.PacketEncoder/]: Error receiving packet 15
java.lang.NullPointerException: Cannot invoke "java.util.UUID.getMostSignificantBits()" because "p_130078_" is null
	at net.minecraft.network.FriendlyByteBuf.m_130077_(FriendlyByteBuf.java:371) ~[server-1.18.2-20220404.173914-srg.jar%2389!/:?]
	at net.minecraft.network.protocol.game.ClientboundChatPacket.m_5779_(ClientboundChatPacket.java:31) ~[server-1.18.2-20220404.173914-srg.jar%2389!/:?]
	at net.minecraft.network.PacketEncoder.encode(PacketEncoder.java:45) ~[server-1.18.2-20220404.173914-srg.jar%2389!/:?]
	at net.minecraft.network.PacketEncoder.encode(PacketEncoder.java:14) ~[server-1.18.2-20220404.173914-srg.jar%2389!/:?]
	at io.netty.handler.codec.MessageToByteEncoder.write(MessageToByteEncoder.java:107) ~[netty-all-4.1.68.Final.jar%2329!/:4.1.68.Final]
	at io.netty.channel.AbstractChannelHandlerContext.invokeWrite0(AbstractChannelHandlerContext.java:717) ~[netty-all-4.1.68.Final.jar%2329!/:4.1.68.Final]
	at io.netty.channel.AbstractChannelHandlerContext.invokeWrite(AbstractChannelHandlerContext.java:709) ~[netty-all-4.1.68.Final.jar%2329!/:4.1.68.Final]
	at io.netty.channel.AbstractChannelHandlerContext.write(AbstractChannelHandlerContext.java:792) ~[netty-all-4.1.68.Final.jar%2329!/:4.1.68.Final]
	at io.netty.channel.AbstractChannelHandlerContext.write(AbstractChannelHandlerContext.java:702) ~[netty-all-4.1.68.Final.jar%2329!/:4.1.68.Final]
	at io.netty.handler.codec.MessageToMessageEncoder.write(MessageToMessageEncoder.java:110) ~[netty-all-4.1.68.Final.jar%2329!/:4.1.68.Final]
	at io.netty.channel.AbstractChannelHandlerContext.invokeWrite0(AbstractChannelHandlerContext.java:717) ~[netty-all-4.1.68.Final.jar%2329!/:4.1.68.Final]
	at io.netty.channel.AbstractChannelHandlerContext.invokeWriteAndFlush(AbstractChannelHandlerContext.java:764) ~[netty-all-4.1.68.Final.jar%2329!/:4.1.68.Final]
	at io.netty.channel.AbstractChannelHandlerContext.write(AbstractChannelHandlerContext.java:790) ~[netty-all-4.1.68.Final.jar%2329!/:4.1.68.Final]
	at io.netty.channel.AbstractChannelHandlerContext.writeAndFlush(AbstractChannelHandlerContext.java:758) ~[netty-all-4.1.68.Final.jar%2329!/:4.1.68.Final]
	at io.netty.channel.AbstractChannelHandlerContext.writeAndFlush(AbstractChannelHandlerContext.java:808) ~[netty-all-4.1.68.Final.jar%2329!/:4.1.68.Final]
	at io.netty.channel.DefaultChannelPipeline.writeAndFlush(DefaultChannelPipeline.java:1025) ~[netty-all-4.1.68.Final.jar%2329!/:4.1.68.Final]
	at io.netty.channel.AbstractChannel.writeAndFlush(AbstractChannel.java:306) ~[netty-all-4.1.68.Final.jar%2329!/:4.1.68.Final]
	at net.minecraft.network.Connection.m_178303_(Connection.java:214) ~[server-1.18.2-20220404.173914-srg.jar%2389!/:?]
	at net.minecraft.network.Connection.lambda$sendPacket$8(Connection.java:203) ~[server-1.18.2-20220404.173914-srg.jar%2389!/:?]
	at io.netty.util.concurrent.AbstractEventExecutor.safeExecute(AbstractEventExecutor.java:164) [netty-all-4.1.68.Final.jar%2329!/:4.1.68.Final]
	at io.netty.util.concurrent.SingleThreadEventExecutor.runAllTasks(SingleThreadEventExecutor.java:469) [netty-all-4.1.68.Final.jar%2329!/:4.1.68.Final]
	at io.netty.channel.nio.NioEventLoop.run(NioEventLoop.java:500) [netty-all-4.1.68.Final.jar%2329!/:4.1.68.Final]
	at io.netty.util.concurrent.SingleThreadEventExecutor$4.run(SingleThreadEventExecutor.java:986) [netty-all-4.1.68.Final.jar%2329!/:4.1.68.Final]
	at io.netty.util.internal.ThreadExecutorMap$2.run(ThreadExecutorMap.java:74) [netty-all-4.1.68.Final.jar%2329!/:4.1.68.Final]
	at java.lang.Thread.run(Thread.java:833) [?:?]
[15May2023 00:34:08.070] [Netty Server IO #6/ERROR] [net.minecraft.network.PacketEncoder/]: Error receiving packet 15
java.lang.NullPointerException: Cannot invoke "java.util.UUID.getMostSignificantBits()" because "p_130078_" is null
	at net.minecraft.network.FriendlyByteBuf.m_130077_(FriendlyByteBuf.java:371) ~[server-1.18.2-20220404.173914-srg.jar%2389!/:?]
	at net.minecraft.network.protocol.game.ClientboundChatPacket.m_5779_(ClientboundChatPacket.java:31) ~[server-1.18.2-20220404.173914-srg.jar%2389!/:?]
	at net.minecraft.network.PacketEncoder.encode(PacketEncoder.java:45) ~[server-1.18.2-20220404.173914-srg.jar%2389!/:?]
	at net.minecraft.network.PacketEncoder.encode(PacketEncoder.java:14) ~[server-1.18.2-20220404.173914-srg.jar%2389!/:?]
	at io.netty.handler.codec.MessageToByteEncoder.write(MessageToByteEncoder.java:107) ~[netty-all-4.1.68.Final.jar%2329!/:4.1.68.Final]
	at io.netty.channel.AbstractChannelHandlerContext.invokeWrite0(AbstractChannelHandlerContext.java:717) ~[netty-all-4.1.68.Final.jar%2329!/:4.1.68.Final]
	at io.netty.channel.AbstractChannelHandlerContext.invokeWrite(AbstractChannelHandlerContext.java:709) ~[netty-all-4.1.68.Final.jar%2329!/:4.1.68.Final]
	at io.netty.channel.AbstractChannelHandlerContext.write(AbstractChannelHandlerContext.java:792) ~[netty-all-4.1.68.Final.jar%2329!/:4.1.68.Final]
	at io.netty.channel.AbstractChannelHandlerContext.write(AbstractChannelHandlerContext.java:702) ~[netty-all-4.1.68.Final.jar%2329!/:4.1.68.Final]
	at io.netty.handler.codec.MessageToMessageEncoder.write(MessageToMessageEncoder.java:110) ~[netty-all-4.1.68.Final.jar%2329!/:4.1.68.Final]
	at io.netty.channel.AbstractChannelHandlerContext.invokeWrite0(AbstractChannelHandlerContext.java:717) ~[netty-all-4.1.68.Final.jar%2329!/:4.1.68.Final]
	at io.netty.channel.AbstractChannelHandlerContext.invokeWriteAndFlush(AbstractChannelHandlerContext.java:764) ~[netty-all-4.1.68.Final.jar%2329!/:4.1.68.Final]
	at io.netty.channel.AbstractChannelHandlerContext.write(AbstractChannelHandlerContext.java:790) ~[netty-all-4.1.68.Final.jar%2329!/:4.1.68.Final]
	at io.netty.channel.AbstractChannelHandlerContext.writeAndFlush(AbstractChannelHandlerContext.java:758) ~[netty-all-4.1.68.Final.jar%2329!/:4.1.68.Final]
	at io.netty.channel.AbstractChannelHandlerContext.writeAndFlush(AbstractChannelHandlerContext.java:808) ~[netty-all-4.1.68.Final.jar%2329!/:4.1.68.Final]
	at io.netty.channel.DefaultChannelPipeline.writeAndFlush(DefaultChannelPipeline.java:1025) ~[netty-all-4.1.68.Final.jar%2329!/:4.1.68.Final]
	at io.netty.channel.AbstractChannel.writeAndFlush(AbstractChannel.java:306) ~[netty-all-4.1.68.Final.jar%2329!/:4.1.68.Final]
	at net.minecraft.network.Connection.m_178303_(Connection.java:214) ~[server-1.18.2-20220404.173914-srg.jar%2389!/:?]
	at net.minecraft.network.Connection.m_129520_(Connection.java:200) ~[server-1.18.2-20220404.173914-srg.jar%2389!/:?]
	at net.minecraft.network.Connection.m_129514_(Connection.java:183) ~[server-1.18.2-20220404.173914-srg.jar%2389!/:?]
	at net.minecraft.server.network.ServerGamePacketListenerImpl.m_9831_(ServerGamePacketListenerImpl.java:1078) ~[server-1.18.2-20220404.173914-srg.jar%2389!/:?]
	at net.minecraft.server.network.ServerGamePacketListenerImpl.m_141995_(ServerGamePacketListenerImpl.java:1073) ~[server-1.18.2-20220404.173914-srg.jar%2389!/:?]
	at net.minecraft.server.level.ServerPlayer.lambda$sendMessage$10(ServerPlayer.java:1244) ~[server-1.18.2-20220404.173914-srg.jar%2389!/:?]
	at io.netty.util.concurrent.DefaultPromise.notifyListener0(DefaultPromise.java:578) ~[netty-all-4.1.68.Final.jar%2329!/:4.1.68.Final]
	at io.netty.util.concurrent.DefaultPromise.notifyListenersNow(DefaultPromise.java:552) ~[netty-all-4.1.68.Final.jar%2329!/:4.1.68.Final]
	at io.netty.util.concurrent.DefaultPromise.notifyListeners(DefaultPromise.java:491) ~[netty-all-4.1.68.Final.jar%2329!/:4.1.68.Final]
	at io.netty.util.concurrent.DefaultPromise.addListener(DefaultPromise.java:184) ~[netty-all-4.1.68.Final.jar%2329!/:4.1.68.Final]
	at io.netty.channel.DefaultChannelPromise.addListener(DefaultChannelPromise.java:95) ~[netty-all-4.1.68.Final.jar%2329!/:4.1.68.Final]
	at io.netty.channel.DefaultChannelPromise.addListener(DefaultChannelPromise.java:30) ~[netty-all-4.1.68.Final.jar%2329!/:4.1.68.Final]
	at net.minecraft.network.Connection.m_178303_(Connection.java:216) ~[server-1.18.2-20220404.173914-srg.jar%2389!/:?]
	at net.minecraft.network.Connection.lambda$sendPacket$8(Connection.java:203) ~[server-1.18.2-20220404.173914-srg.jar%2389!/:?]
	at io.netty.util.concurrent.AbstractEventExecutor.safeExecute(AbstractEventExecutor.java:164) [netty-all-4.1.68.Final.jar%2329!/:4.1.68.Final]
	at io.netty.util.concurrent.SingleThreadEventExecutor.runAllTasks(SingleThreadEventExecutor.java:469) [netty-all-4.1.68.Final.jar%2329!/:4.1.68.Final]
	at io.netty.channel.nio.NioEventLoop.run(NioEventLoop.java:500) [netty-all-4.1.68.Final.jar%2329!/:4.1.68.Final]
	at io.netty.util.concurrent.SingleThreadEventExecutor$4.run(SingleThreadEventExecutor.java:986) [netty-all-4.1.68.Final.jar%2329!/:4.1.68.Final]
	at io.netty.util.internal.ThreadExecutorMap$2.run(ThreadExecutorMap.java:74) [netty-all-4.1.68.Final.jar%2329!/:4.1.68.Final]
	at java.lang.Thread.run(Thread.java:833) [?:?]
[15May2023 00:50:33.900] [Server thread/INFO] [net.minecraft.server.network.ServerGamePacketListenerImpl/]: Orlandisimo lost connection: Disconnected
[15May2023 00:50:33.901] [Server thread/INFO] [net.minecraft.server.dedicated.DedicatedServer/]: Orlandisimo left the game
[15May2023 00:50:33.902] [Server thread/INFO] [voicechat/]: Disconnecting client Orlandisimo
[15May2023 00:51:55.543] [Server thread/INFO] [net.minecraft.server.dedicated.DedicatedServer/]: XTACISSS has made the advancement [Mine? Mine? Mine?]
[15May2023 00:51:57.151] [User Authenticator #5/INFO] [net.minecraft.server.network.ServerLoginPacketListenerImpl/]: UUID of player Orlandisimo is 5af39878-7b95-44a4-a45f-7e4665c6bd1d
[15May2023 00:52:00.551] [Server thread/INFO] [net.minecraftforge.common.AdvancementLoadFix/]: Using new advancement loading for net.minecraft.server.PlayerAdvancements@58b4f834
[15May2023 00:52:00.559] [Server thread/INFO] [net.minecraft.server.players.PlayerList/]: Orlandisimo[/[0:0:0:0:0:0:0:1]:56546] logged in with entity id 107473 at (103.42542235040355, 105.69127029768937, 66.22277202835984)
[15May2023 00:52:00.560] [Server thread/INFO] [ModdingLegacy/blue_skies/]: Sending ToolHandleTypeManager to Orlandisimo
[15May2023 00:52:00.565] [Server thread/INFO] [ModdingLegacy/blue_skies/]: Sending SnowcapOvenFreezingManager to Orlandisimo
[15May2023 00:52:00.566] [Server thread/INFO] [ModdingLegacy/blue_skies/]: Sending HorizoniteForgeFuelManager to Orlandisimo
[15May2023 00:52:00.567] [Server thread/INFO] [ModdingLegacy/blue_skies/]: Sending AlchemyRecipeManager to Orlandisimo
[15May2023 00:52:00.569] [Server thread/INFO] [ModdingLegacy/blue_skies/]: Sending JournalEntryManager to Orlandisimo
[15May2023 00:52:00.571] [Server thread/INFO] [ModdingLegacy/blue_skies/]: Sending JournalSectionManager to Orlandisimo
[15May2023 00:52:00.572] [Server thread/INFO] [ModdingLegacy/blue_skies/]: Sending JournalRequirementManager to Orlandisimo
[15May2023 00:52:00.575] [Server thread/INFO] [net.minecraft.server.dedicated.DedicatedServer/]: Orlandisimo joined the game
[15May2023 00:52:00.603] [Netty Server IO #7/ERROR] [net.minecraft.commands.synchronization.ArgumentTypes/]: Could not serialize cpw.mods.inventorysorter.InventorySorterCommand$ContainerClassArgument@3961063c (class cpw.mods.inventorysorter.InventorySorterCommand$ContainerClassArgument) - will not be sent to client!
[15May2023 00:52:00.603] [Netty Server IO #7/ERROR] [net.minecraft.commands.synchronization.ArgumentTypes/]: Could not serialize cpw.mods.inventorysorter.InventorySorterCommand$ContainerClassArgument@c1cde2d (class cpw.mods.inventorysorter.InventorySorterCommand$ContainerClassArgument) - will not be sent to client!
[15May2023 00:52:00.607] [Server thread/INFO] [Waila/]: Syncing config to Orlandisimo (5af39878-7b95-44a4-a45f-7e4665c6bd1d)
[15May2023 00:52:02.202] [Server thread/INFO] [voicechat/]: Received secret request of Orlandisimo (17)
[15May2023 00:52:02.203] [Server thread/INFO] [voicechat/]: Sent secret to Orlandisimo
[15May2023 00:52:10.404] [Server thread/WARN] [net.minecraft.server.network.ServerGamePacketListenerImpl/]: Orlandisimo moved too quickly! -17.06962500283599,-3.647785250302377,-1.5295485890837952
[15May2023 00:54:38.682] [Server thread/INFO] [net.minecraft.server.dedicated.DedicatedServer/]: XTACISSS has made the advancement [We do a little trolling...]
[15May2023 00:57:50.264] [Server thread/INFO] [net.minecraft.server.dedicated.DedicatedServer/]: Orlandisimo has made the advancement [What a Deal!]
[15May2023 00:58:02.427] [Server thread/INFO] [net.minecraft.server.dedicated.DedicatedServer/]: XTACISSS has made the advancement [Light Up The World!]
[15May2023 00:58:42.754] [Netty Server IO #7/ERROR] [net.minecraft.network.PacketEncoder/]: Error receiving packet 15
java.lang.NullPointerException: Cannot invoke "java.util.UUID.getMostSignificantBits()" because "p_130078_" is null
	at net.minecraft.network.FriendlyByteBuf.m_130077_(FriendlyByteBuf.java:371) ~[server-1.18.2-20220404.173914-srg.jar%2389!/:?]
	at net.minecraft.network.protocol.game.ClientboundChatPacket.m_5779_(ClientboundChatPacket.java:31) ~[server-1.18.2-20220404.173914-srg.jar%2389!/:?]
	at net.minecraft.network.PacketEncoder.encode(PacketEncoder.java:45) ~[server-1.18.2-20220404.173914-srg.jar%2389!/:?]
	at net.minecraft.network.PacketEncoder.encode(PacketEncoder.java:14) ~[server-1.18.2-20220404.173914-srg.jar%2389!/:?]
	at io.netty.handler.codec.MessageToByteEncoder.write(MessageToByteEncoder.java:107) ~[netty-all-4.1.68.Final.jar%2329!/:4.1.68.Final]
	at io.netty.channel.AbstractChannelHandlerContext.invokeWrite0(AbstractChannelHandlerContext.java:717) ~[netty-all-4.1.68.Final.jar%2329!/:4.1.68.Final]
	at io.netty.channel.AbstractChannelHandlerContext.invokeWrite(AbstractChannelHandlerContext.java:709) ~[netty-all-4.1.68.Final.jar%2329!/:4.1.68.Final]
	at io.netty.channel.AbstractChannelHandlerContext.write(AbstractChannelHandlerContext.java:792) ~[netty-all-4.1.68.Final.jar%2329!/:4.1.68.Final]
	at io.netty.channel.AbstractChannelHandlerContext.write(AbstractChannelHandlerContext.java:702) ~[netty-all-4.1.68.Final.jar%2329!/:4.1.68.Final]
	at io.netty.handler.codec.MessageToMessageEncoder.write(MessageToMessageEncoder.java:110) ~[netty-all-4.1.68.Final.jar%2329!/:4.1.68.Final]
	at io.netty.channel.AbstractChannelHandlerContext.invokeWrite0(AbstractChannelHandlerContext.java:717) ~[netty-all-4.1.68.Final.jar%2329!/:4.1.68.Final]
	at io.netty.channel.AbstractChannelHandlerContext.invokeWriteAndFlush(AbstractChannelHandlerContext.java:764) ~[netty-all-4.1.68.Final.jar%2329!/:4.1.68.Final]
	at io.netty.channel.AbstractChannelHandlerContext.write(AbstractChannelHandlerContext.java:790) ~[netty-all-4.1.68.Final.jar%2329!/:4.1.68.Final]
	at io.netty.channel.AbstractChannelHandlerContext.writeAndFlush(AbstractChannelHandlerContext.java:758) ~[netty-all-4.1.68.Final.jar%2329!/:4.1.68.Final]
	at io.netty.channel.AbstractChannelHandlerContext.writeAndFlush(AbstractChannelHandlerContext.java:808) ~[netty-all-4.1.68.Final.jar%2329!/:4.1.68.Final]
	at io.netty.channel.DefaultChannelPipeline.writeAndFlush(DefaultChannelPipeline.java:1025) ~[netty-all-4.1.68.Final.jar%2329!/:4.1.68.Final]
	at io.netty.channel.AbstractChannel.writeAndFlush(AbstractChannel.java:306) ~[netty-all-4.1.68.Final.jar%2329!/:4.1.68.Final]
	at net.minecraft.network.Connection.m_178303_(Connection.java:214) ~[server-1.18.2-20220404.173914-srg.jar%2389!/:?]
	at net.minecraft.network.Connection.lambda$sendPacket$8(Connection.java:203) ~[server-1.18.2-20220404.173914-srg.jar%2389!/:?]
	at io.netty.util.concurrent.AbstractEventExecutor.safeExecute(AbstractEventExecutor.java:164) [netty-all-4.1.68.Final.jar%2329!/:4.1.68.Final]
	at io.netty.util.concurrent.SingleThreadEventExecutor.runAllTasks(SingleThreadEventExecutor.java:469) [netty-all-4.1.68.Final.jar%2329!/:4.1.68.Final]
	at io.netty.channel.nio.NioEventLoop.run(NioEventLoop.java:500) [netty-all-4.1.68.Final.jar%2329!/:4.1.68.Final]
	at io.netty.util.concurrent.SingleThreadEventExecutor$4.run(SingleThreadEventExecutor.java:986) [netty-all-4.1.68.Final.jar%2329!/:4.1.68.Final]
	at io.netty.util.internal.ThreadExecutorMap$2.run(ThreadExecutorMap.java:74) [netty-all-4.1.68.Final.jar%2329!/:4.1.68.Final]
	at java.lang.Thread.run(Thread.java:833) [?:?]
[15May2023 00:58:42.755] [Netty Server IO #7/ERROR] [net.minecraft.network.PacketEncoder/]: Error receiving packet 15
java.lang.NullPointerException: Cannot invoke "java.util.UUID.getMostSignificantBits()" because "p_130078_" is null
	at net.minecraft.network.FriendlyByteBuf.m_130077_(FriendlyByteBuf.java:371) ~[server-1.18.2-20220404.173914-srg.jar%2389!/:?]
	at net.minecraft.network.protocol.game.ClientboundChatPacket.m_5779_(ClientboundChatPacket.java:31) ~[server-1.18.2-20220404.173914-srg.jar%2389!/:?]
	at net.minecraft.network.PacketEncoder.encode(PacketEncoder.java:45) ~[server-1.18.2-20220404.173914-srg.jar%2389!/:?]
	at net.minecraft.network.PacketEncoder.encode(PacketEncoder.java:14) ~[server-1.18.2-20220404.173914-srg.jar%2389!/:?]
	at io.netty.handler.codec.MessageToByteEncoder.write(MessageToByteEncoder.java:107) ~[netty-all-4.1.68.Final.jar%2329!/:4.1.68.Final]
	at io.netty.channel.AbstractChannelHandlerContext.invokeWrite0(AbstractChannelHandlerContext.java:717) ~[netty-all-4.1.68.Final.jar%2329!/:4.1.68.Final]
	at io.netty.channel.AbstractChannelHandlerContext.invokeWrite(AbstractChannelHandlerContext.java:709) ~[netty-all-4.1.68.Final.jar%2329!/:4.1.68.Final]
	at io.netty.channel.AbstractChannelHandlerContext.write(AbstractChannelHandlerContext.java:792) ~[netty-all-4.1.68.Final.jar%2329!/:4.1.68.Final]
	at io.netty.channel.AbstractChannelHandlerContext.write(AbstractChannelHandlerContext.java:702) ~[netty-all-4.1.68.Final.jar%2329!/:4.1.68.Final]
	at io.netty.handler.codec.MessageToMessageEncoder.write(MessageToMessageEncoder.java:110) ~[netty-all-4.1.68.Final.jar%2329!/:4.1.68.Final]
	at io.netty.channel.AbstractChannelHandlerContext.invokeWrite0(AbstractChannelHandlerContext.java:717) ~[netty-all-4.1.68.Final.jar%2329!/:4.1.68.Final]
	at io.netty.channel.AbstractChannelHandlerContext.invokeWriteAndFlush(AbstractChannelHandlerContext.java:764) ~[netty-all-4.1.68.Final.jar%2329!/:4.1.68.Final]
	at io.netty.channel.AbstractChannelHandlerContext.write(AbstractChannelHandlerContext.java:790) ~[netty-all-4.1.68.Final.jar%2329!/:4.1.68.Final]
	at io.netty.channel.AbstractChannelHandlerContext.writeAndFlush(AbstractChannelHandlerContext.java:758) ~[netty-all-4.1.68.Final.jar%2329!/:4.1.68.Final]
	at io.netty.channel.AbstractChannelHandlerContext.writeAndFlush(AbstractChannelHandlerContext.java:808) ~[netty-all-4.1.68.Final.jar%2329!/:4.1.68.Final]
	at io.netty.channel.DefaultChannelPipeline.writeAndFlush(DefaultChannelPipeline.java:1025) ~[netty-all-4.1.68.Final.jar%2329!/:4.1.68.Final]
	at io.netty.channel.AbstractChannel.writeAndFlush(AbstractChannel.java:306) ~[netty-all-4.1.68.Final.jar%2329!/:4.1.68.Final]
	at net.minecraft.network.Connection.m_178303_(Connection.java:214) ~[server-1.18.2-20220404.173914-srg.jar%2389!/:?]
	at net.minecraft.network.Connection.m_129520_(Connection.java:200) ~[server-1.18.2-20220404.173914-srg.jar%2389!/:?]
	at net.minecraft.network.Connection.m_129514_(Connection.java:183) ~[server-1.18.2-20220404.173914-srg.jar%2389!/:?]
	at net.minecraft.server.network.ServerGamePacketListenerImpl.m_9831_(ServerGamePacketListenerImpl.java:1078) ~[server-1.18.2-20220404.173914-srg.jar%2389!/:?]
	at net.minecraft.server.network.ServerGamePacketListenerImpl.m_141995_(ServerGamePacketListenerImpl.java:1073) ~[server-1.18.2-20220404.173914-srg.jar%2389!/:?]
	at net.minecraft.server.level.ServerPlayer.lambda$sendMessage$10(ServerPlayer.java:1244) ~[server-1.18.2-20220404.173914-srg.jar%2389!/:?]
	at io.netty.util.concurrent.DefaultPromise.notifyListener0(DefaultPromise.java:578) ~[netty-all-4.1.68.Final.jar%2329!/:4.1.68.Final]
	at io.netty.util.concurrent.DefaultPromise.notifyListenersNow(DefaultPromise.java:552) ~[netty-all-4.1.68.Final.jar%2329!/:4.1.68.Final]
	at io.netty.util.concurrent.DefaultPromise.notifyListeners(DefaultPromise.java:491) ~[netty-all-4.1.68.Final.jar%2329!/:4.1.68.Final]
	at io.netty.util.concurrent.DefaultPromise.addListener(DefaultPromise.java:184) ~[netty-all-4.1.68.Final.jar%2329!/:4.1.68.Final]
	at io.netty.channel.DefaultChannelPromise.addListener(DefaultChannelPromise.java:95) ~[netty-all-4.1.68.Final.jar%2329!/:4.1.68.Final]
	at io.netty.channel.DefaultChannelPromise.addListener(DefaultChannelPromise.java:30) ~[netty-all-4.1.68.Final.jar%2329!/:4.1.68.Final]
	at net.minecraft.network.Connection.m_178303_(Connection.java:216) ~[server-1.18.2-20220404.173914-srg.jar%2389!/:?]
	at net.minecraft.network.Connection.lambda$sendPacket$8(Connection.java:203) ~[server-1.18.2-20220404.173914-srg.jar%2389!/:?]
	at io.netty.util.concurrent.AbstractEventExecutor.safeExecute(AbstractEventExecutor.java:164) [netty-all-4.1.68.Final.jar%2329!/:4.1.68.Final]
	at io.netty.util.concurrent.SingleThreadEventExecutor.runAllTasks(SingleThreadEventExecutor.java:469) [netty-all-4.1.68.Final.jar%2329!/:4.1.68.Final]
	at io.netty.channel.nio.NioEventLoop.run(NioEventLoop.java:500) [netty-all-4.1.68.Final.jar%2329!/:4.1.68.Final]
	at io.netty.util.concurrent.SingleThreadEventExecutor$4.run(SingleThreadEventExecutor.java:986) [netty-all-4.1.68.Final.jar%2329!/:4.1.68.Final]
	at io.netty.util.internal.ThreadExecutorMap$2.run(ThreadExecutorMap.java:74) [netty-all-4.1.68.Final.jar%2329!/:4.1.68.Final]
	at java.lang.Thread.run(Thread.java:833) [?:?]
[15May2023 01:00:06.425] [Server thread/INFO] [net.minecraft.server.dedicated.DedicatedServer/]: Orlandisimo has made the advancement [The Lighthouse]
[15May2023 01:00:09.199] [Server thread/WARN] [net.minecraft.server.network.ServerGamePacketListenerImpl/]: Orlandisimo moved too quickly! 5.419191018465426,-16.176764285211377,3.170008235137857
[15May2023 01:00:14.503] [Server thread/INFO] [net.minecraft.server.dedicated.DedicatedServer/]: XTACISSS has made the advancement [What a Deal!]
[15May2023 01:00:26.885] [Server thread/WARN] [net.minecraft.server.network.ServerGamePacketListenerImpl/]: XTACISSS moved wrongly!
[15May2023 01:00:49.477] [Server thread/WARN] [net.minecraft.server.MinecraftServer/]: Can't keep up! Is the server overloaded? Running 8040ms or 160 ticks behind
[15May2023 01:00:49.590] [Server thread/WARN] [net.minecraft.server.network.ServerGamePacketListenerImpl/]: XTACISSS moved too quickly! 4.5362864712446935,4.253890725948764,8.15602306079063
[15May2023 01:03:03.554] [Server thread/INFO] [net.minecraft.server.dedicated.DedicatedServer/]: [Orlandisimo: Teleported Orlandisimo to XTACISSS]
[15May2023 01:03:15.836] [Server thread/INFO] [net.minecraft.server.dedicated.DedicatedServer/]: [Orlandisimo: Teleported Orlandisimo to XTACISSS]
[15May2023 01:05:32.883] [Server thread/INFO] [net.minecraft.server.dedicated.DedicatedServer/]: [Orlandisimo: Teleported Orlandisimo to XTACISSS]
[15May2023 01:05:33.247] [Worker-Main-32/WARN] [net.minecraft.world.level.levelgen.structure.pools.JigsawPlacement/]: Empty or non-existent pool: dungeons_arise:underworld/foundry/foundry_corridor_gears
[15May2023 01:05:33.247] [Worker-Main-32/WARN] [net.minecraft.world.level.levelgen.structure.pools.JigsawPlacement/]: Empty or non-existent pool: dungeons_arise:underworld/foundry/foundry_corridor_gears
[15May2023 01:05:33.279] [Worker-Main-32/WARN] [net.minecraft.world.level.levelgen.structure.pools.JigsawPlacement/]: Empty or non-existent pool: dungeons_arise:underworld/foundry/foundry_corridor_gears
[15May2023 01:05:33.279] [Worker-Main-32/WARN] [net.minecraft.world.level.levelgen.structure.pools.JigsawPlacement/]: Empty or non-existent pool: dungeons_arise:underworld/foundry/foundry_corridor_gears
[15May2023 01:05:33.285] [Worker-Main-32/WARN] [net.minecraft.world.level.levelgen.structure.pools.JigsawPlacement/]: Empty or non-existent pool: dungeons_arise:underworld/foundry/foundry_corridor_gears
[15May2023 01:05:33.287] [Worker-Main-32/WARN] [net.minecraft.world.level.levelgen.structure.pools.JigsawPlacement/]: Empty or non-existent pool: dungeons_arise:underworld/foundry/foundry_corridor_gears
[15May2023 01:05:33.299] [Worker-Main-32/WARN] [net.minecraft.world.level.levelgen.structure.pools.JigsawPlacement/]: Empty or non-existent pool: dungeons_arise:underworld/foundry/foundry_corridor_gears
[15May2023 01:05:33.306] [Worker-Main-32/WARN] [net.minecraft.world.level.levelgen.structure.pools.JigsawPlacement/]: Empty or non-existent pool: dungeons_arise:underworld/foundry/foundry_corridor_gears
[15May2023 01:06:52.150] [Server thread/INFO] [net.minecraft.server.dedicated.DedicatedServer/]: [Orlandisimo: Teleported Orlandisimo to XTACISSS]
[15May2023 01:07:53.185] [Server thread/INFO] [net.minecraft.server.dedicated.DedicatedServer/]: [XTACISSS: Teleported XTACISSS to Orlandisimo]
[15May2023 01:07:53.185] [Server thread/WARN] [net.minecraft.server.network.ServerGamePacketListenerImpl/]: XTACISSS moved too quickly! 29.76338532344016,30.0,14.41503083009502
[15May2023 01:16:30.635] [Server thread/INFO] [net.minecraft.server.dedicated.DedicatedServer/]: Orlandisimo has made the advancement [Light Up The World!]
[15May2023 01:16:47.909] [Server thread/INFO] [net.minecraft.server.dedicated.DedicatedServer/]: [XTACISSS: Teleported XTACISSS to Orlandisimo]
[15May2023 01:16:47.910] [Server thread/WARN] [net.minecraft.server.network.ServerGamePacketListenerImpl/]: XTACISSS moved too quickly! -375.3440620684264,-0.0625,236.1314099934507
[15May2023 01:16:47.919] [Server thread/WARN] [net.minecraft.server.network.ServerGamePacketListenerImpl/]: XTACISSS moved too quickly! -375.3440620684264,-0.0625,236.1314099934507
[15May2023 01:16:47.927] [Server thread/WARN] [net.minecraft.server.network.ServerGamePacketListenerImpl/]: XTACISSS moved too quickly! -375.3440620684264,-0.0625,236.1314099934507
[15May2023 01:16:47.934] [Server thread/WARN] [net.minecraft.server.network.ServerGamePacketListenerImpl/]: XTACISSS moved too quickly! -375.3440620684264,-0.0625,236.1314099934507
[15May2023 01:17:00.399] [Netty Server IO #4/ERROR] [net.minecraft.commands.synchronization.ArgumentTypes/]: Could not serialize cpw.mods.inventorysorter.InventorySorterCommand$ContainerClassArgument@3961063c (class cpw.mods.inventorysorter.InventorySorterCommand$ContainerClassArgument) - will not be sent to client!
[15May2023 01:17:00.400] [Netty Server IO #4/ERROR] [net.minecraft.commands.synchronization.ArgumentTypes/]: Could not serialize cpw.mods.inventorysorter.InventorySorterCommand$ContainerClassArgument@c1cde2d (class cpw.mods.inventorysorter.InventorySorterCommand$ContainerClassArgument) - will not be sent to client!
[15May2023 01:17:01.407] [Server thread/INFO] [net.minecraft.server.dedicated.DedicatedServer/]: XTACISSS has made the advancement [Forever Dawn?]
[15May2023 01:17:01.680] [Netty Server IO #7/ERROR] [net.minecraft.commands.synchronization.ArgumentTypes/]: Could not serialize cpw.mods.inventorysorter.InventorySorterCommand$ContainerClassArgument@3961063c (class cpw.mods.inventorysorter.InventorySorterCommand$ContainerClassArgument) - will not be sent to client!
[15May2023 01:17:01.680] [Netty Server IO #7/ERROR] [net.minecraft.commands.synchronization.ArgumentTypes/]: Could not serialize cpw.mods.inventorysorter.InventorySorterCommand$ContainerClassArgument@c1cde2d (class cpw.mods.inventorysorter.InventorySorterCommand$ContainerClassArgument) - will not be sent to client!
[15May2023 01:17:01.681] [Server thread/INFO] [net.minecraft.server.dedicated.DedicatedServer/]: Orlandisimo has made the advancement [Forever Dawn?]
[15May2023 01:17:54.496] [Netty Server IO #7/ERROR] [net.minecraft.commands.synchronization.ArgumentTypes/]: Could not serialize cpw.mods.inventorysorter.InventorySorterCommand$ContainerClassArgument@3961063c (class cpw.mods.inventorysorter.InventorySorterCommand$ContainerClassArgument) - will not be sent to client!
[15May2023 01:17:54.496] [Netty Server IO #7/ERROR] [net.minecraft.commands.synchronization.ArgumentTypes/]: Could not serialize cpw.mods.inventorysorter.InventorySorterCommand$ContainerClassArgument@c1cde2d (class cpw.mods.inventorysorter.InventorySorterCommand$ContainerClassArgument) - will not be sent to client!
[15May2023 01:18:11.456] [Netty Server IO #7/ERROR] [net.minecraft.commands.synchronization.ArgumentTypes/]: Could not serialize cpw.mods.inventorysorter.InventorySorterCommand$ContainerClassArgument@3961063c (class cpw.mods.inventorysorter.InventorySorterCommand$ContainerClassArgument) - will not be sent to client!
[15May2023 01:18:11.456] [Netty Server IO #7/ERROR] [net.minecraft.commands.synchronization.ArgumentTypes/]: Could not serialize cpw.mods.inventorysorter.InventorySorterCommand$ContainerClassArgument@c1cde2d (class cpw.mods.inventorysorter.InventorySorterCommand$ContainerClassArgument) - will not be sent to client!
[15May2023 01:22:52.083] [Server thread/INFO] [net.minecraft.server.dedicated.DedicatedServer/]: [XTACISSS: Teleported XTACISSS to Orlandisimo]
[15May2023 01:26:07.187] [Netty Server IO #7/ERROR] [net.minecraft.commands.synchronization.ArgumentTypes/]: Could not serialize cpw.mods.inventorysorter.InventorySorterCommand$ContainerClassArgument@3961063c (class cpw.mods.inventorysorter.InventorySorterCommand$ContainerClassArgument) - will not be sent to client!
[15May2023 01:26:07.187] [Netty Server IO #7/ERROR] [net.minecraft.commands.synchronization.ArgumentTypes/]: Could not serialize cpw.mods.inventorysorter.InventorySorterCommand$ContainerClassArgument@c1cde2d (class cpw.mods.inventorysorter.InventorySorterCommand$ContainerClassArgument) - will not be sent to client!
[15May2023 01:26:39.422] [Netty Server IO #4/ERROR] [net.minecraft.commands.synchronization.ArgumentTypes/]: Could not serialize cpw.mods.inventorysorter.InventorySorterCommand$ContainerClassArgument@3961063c (class cpw.mods.inventorysorter.InventorySorterCommand$ContainerClassArgument) - will not be sent to client!
[15May2023 01:26:39.423] [Netty Server IO #4/ERROR] [net.minecraft.commands.synchronization.ArgumentTypes/]: Could not serialize cpw.mods.inventorysorter.InventorySorterCommand$ContainerClassArgument@c1cde2d (class cpw.mods.inventorysorter.InventorySorterCommand$ContainerClassArgument) - will not be sent to client!
[15May2023 01:26:39.476] [Server thread/INFO] [net.minecraft.server.dedicated.DedicatedServer/]: [XTACISSS: Teleported XTACISSS to Orlandisimo]
[15May2023 01:31:22.848] [Server thread/INFO] [net.minecraft.server.network.ServerGamePacketListenerImpl/]: Orlandisimo lost connection: Disconnected
[15May2023 01:31:22.849] [Server thread/INFO] [net.minecraft.server.dedicated.DedicatedServer/]: Orlandisimo left the game
[15May2023 01:31:22.850] [Server thread/INFO] [voicechat/]: Disconnecting client Orlandisimo
[15May2023 01:31:34.344] [Netty Server IO #4/ERROR] [net.minecraft.network.PacketEncoder/]: Error receiving packet 15
java.lang.NullPointerException: Cannot invoke "java.util.UUID.getMostSignificantBits()" because "p_130078_" is null
	at net.minecraft.network.FriendlyByteBuf.m_130077_(FriendlyByteBuf.java:371) ~[server-1.18.2-20220404.173914-srg.jar%2389!/:?]
	at net.minecraft.network.protocol.game.ClientboundChatPacket.m_5779_(ClientboundChatPacket.java:31) ~[server-1.18.2-20220404.173914-srg.jar%2389!/:?]
	at net.minecraft.network.PacketEncoder.encode(PacketEncoder.java:45) ~[server-1.18.2-20220404.173914-srg.jar%2389!/:?]
	at net.minecraft.network.PacketEncoder.encode(PacketEncoder.java:14) ~[server-1.18.2-20220404.173914-srg.jar%2389!/:?]
	at io.netty.handler.codec.MessageToByteEncoder.write(MessageToByteEncoder.java:107) ~[netty-all-4.1.68.Final.jar%2329!/:4.1.68.Final]
	at io.netty.channel.AbstractChannelHandlerContext.invokeWrite0(AbstractChannelHandlerContext.java:717) ~[netty-all-4.1.68.Final.jar%2329!/:4.1.68.Final]
	at io.netty.channel.AbstractChannelHandlerContext.invokeWrite(AbstractChannelHandlerContext.java:709) ~[netty-all-4.1.68.Final.jar%2329!/:4.1.68.Final]
	at io.netty.channel.AbstractChannelHandlerContext.write(AbstractChannelHandlerContext.java:792) ~[netty-all-4.1.68.Final.jar%2329!/:4.1.68.Final]
	at io.netty.channel.AbstractChannelHandlerContext.write(AbstractChannelHandlerContext.java:702) ~[netty-all-4.1.68.Final.jar%2329!/:4.1.68.Final]
	at io.netty.handler.codec.MessageToMessageEncoder.write(MessageToMessageEncoder.java:110) ~[netty-all-4.1.68.Final.jar%2329!/:4.1.68.Final]
	at io.netty.channel.AbstractChannelHandlerContext.invokeWrite0(AbstractChannelHandlerContext.java:717) ~[netty-all-4.1.68.Final.jar%2329!/:4.1.68.Final]
	at io.netty.channel.AbstractChannelHandlerContext.invokeWriteAndFlush(AbstractChannelHandlerContext.java:764) ~[netty-all-4.1.68.Final.jar%2329!/:4.1.68.Final]
	at io.netty.channel.AbstractChannelHandlerContext.write(AbstractChannelHandlerContext.java:790) ~[netty-all-4.1.68.Final.jar%2329!/:4.1.68.Final]
	at io.netty.channel.AbstractChannelHandlerContext.writeAndFlush(AbstractChannelHandlerContext.java:758) ~[netty-all-4.1.68.Final.jar%2329!/:4.1.68.Final]
	at io.netty.channel.AbstractChannelHandlerContext.writeAndFlush(AbstractChannelHandlerContext.java:808) ~[netty-all-4.1.68.Final.jar%2329!/:4.1.68.Final]
	at io.netty.channel.DefaultChannelPipeline.writeAndFlush(DefaultChannelPipeline.java:1025) ~[netty-all-4.1.68.Final.jar%2329!/:4.1.68.Final]
	at io.netty.channel.AbstractChannel.writeAndFlush(AbstractChannel.java:306) ~[netty-all-4.1.68.Final.jar%2329!/:4.1.68.Final]
	at net.minecraft.network.Connection.m_178303_(Connection.java:214) ~[server-1.18.2-20220404.173914-srg.jar%2389!/:?]
	at net.minecraft.network.Connection.lambda$sendPacket$8(Connection.java:203) ~[server-1.18.2-20220404.173914-srg.jar%2389!/:?]
	at io.netty.util.concurrent.AbstractEventExecutor.safeExecute(AbstractEventExecutor.java:164) [netty-all-4.1.68.Final.jar%2329!/:4.1.68.Final]
	at io.netty.util.concurrent.SingleThreadEventExecutor.runAllTasks(SingleThreadEventExecutor.java:469) [netty-all-4.1.68.Final.jar%2329!/:4.1.68.Final]
	at io.netty.channel.nio.NioEventLoop.run(NioEventLoop.java:500) [netty-all-4.1.68.Final.jar%2329!/:4.1.68.Final]
	at io.netty.util.concurrent.SingleThreadEventExecutor$4.run(SingleThreadEventExecutor.java:986) [netty-all-4.1.68.Final.jar%2329!/:4.1.68.Final]
	at io.netty.util.internal.ThreadExecutorMap$2.run(ThreadExecutorMap.java:74) [netty-all-4.1.68.Final.jar%2329!/:4.1.68.Final]
	at java.lang.Thread.run(Thread.java:833) [?:?]
[15May2023 01:31:34.345] [Netty Server IO #4/ERROR] [net.minecraft.network.PacketEncoder/]: Error receiving packet 15
java.lang.NullPointerException: Cannot invoke "java.util.UUID.getMostSignificantBits()" because "p_130078_" is null
	at net.minecraft.network.FriendlyByteBuf.m_130077_(FriendlyByteBuf.java:371) ~[server-1.18.2-20220404.173914-srg.jar%2389!/:?]
	at net.minecraft.network.protocol.game.ClientboundChatPacket.m_5779_(ClientboundChatPacket.java:31) ~[server-1.18.2-20220404.173914-srg.jar%2389!/:?]
	at net.minecraft.network.PacketEncoder.encode(PacketEncoder.java:45) ~[server-1.18.2-20220404.173914-srg.jar%2389!/:?]
	at net.minecraft.network.PacketEncoder.encode(PacketEncoder.java:14) ~[server-1.18.2-20220404.173914-srg.jar%2389!/:?]
	at io.netty.handler.codec.MessageToByteEncoder.write(MessageToByteEncoder.java:107) ~[netty-all-4.1.68.Final.jar%2329!/:4.1.68.Final]
	at io.netty.channel.AbstractChannelHandlerContext.invokeWrite0(AbstractChannelHandlerContext.java:717) ~[netty-all-4.1.68.Final.jar%2329!/:4.1.68.Final]
	at io.netty.channel.AbstractChannelHandlerContext.invokeWrite(AbstractChannelHandlerContext.java:709) ~[netty-all-4.1.68.Final.jar%2329!/:4.1.68.Final]
	at io.netty.channel.AbstractChannelHandlerContext.write(AbstractChannelHandlerContext.java:792) ~[netty-all-4.1.68.Final.jar%2329!/:4.1.68.Final]
	at io.netty.channel.AbstractChannelHandlerContext.write(AbstractChannelHandlerContext.java:702) ~[netty-all-4.1.68.Final.jar%2329!/:4.1.68.Final]
	at io.netty.handler.codec.MessageToMessageEncoder.write(MessageToMessageEncoder.java:110) ~[netty-all-4.1.68.Final.jar%2329!/:4.1.68.Final]
	at io.netty.channel.AbstractChannelHandlerContext.invokeWrite0(AbstractChannelHandlerContext.java:717) ~[netty-all-4.1.68.Final.jar%2329!/:4.1.68.Final]
	at io.netty.channel.AbstractChannelHandlerContext.invokeWriteAndFlush(AbstractChannelHandlerContext.java:764) ~[netty-all-4.1.68.Final.jar%2329!/:4.1.68.Final]
	at io.netty.channel.AbstractChannelHandlerContext.write(AbstractChannelHandlerContext.java:790) ~[netty-all-4.1.68.Final.jar%2329!/:4.1.68.Final]
	at io.netty.channel.AbstractChannelHandlerContext.writeAndFlush(AbstractChannelHandlerContext.java:758) ~[netty-all-4.1.68.Final.jar%2329!/:4.1.68.Final]
	at io.netty.channel.AbstractChannelHandlerContext.writeAndFlush(AbstractChannelHandlerContext.java:808) ~[netty-all-4.1.68.Final.jar%2329!/:4.1.68.Final]
	at io.netty.channel.DefaultChannelPipeline.writeAndFlush(DefaultChannelPipeline.java:1025) ~[netty-all-4.1.68.Final.jar%2329!/:4.1.68.Final]
	at io.netty.channel.AbstractChannel.writeAndFlush(AbstractChannel.java:306) ~[netty-all-4.1.68.Final.jar%2329!/:4.1.68.Final]
	at net.minecraft.network.Connection.m_178303_(Connection.java:214) ~[server-1.18.2-20220404.173914-srg.jar%2389!/:?]
	at net.minecraft.network.Connection.m_129520_(Connection.java:200) ~[server-1.18.2-20220404.173914-srg.jar%2389!/:?]
	at net.minecraft.network.Connection.m_129514_(Connection.java:183) ~[server-1.18.2-20220404.173914-srg.jar%2389!/:?]
	at net.minecraft.server.network.ServerGamePacketListenerImpl.m_9831_(ServerGamePacketListenerImpl.java:1078) ~[server-1.18.2-20220404.173914-srg.jar%2389!/:?]
	at net.minecraft.server.network.ServerGamePacketListenerImpl.m_141995_(ServerGamePacketListenerImpl.java:1073) ~[server-1.18.2-20220404.173914-srg.jar%2389!/:?]
	at net.minecraft.server.level.ServerPlayer.lambda$sendMessage$10(ServerPlayer.java:1244) ~[server-1.18.2-20220404.173914-srg.jar%2389!/:?]
	at io.netty.util.concurrent.DefaultPromise.notifyListener0(DefaultPromise.java:578) ~[netty-all-4.1.68.Final.jar%2329!/:4.1.68.Final]
	at io.netty.util.concurrent.DefaultPromise.notifyListenersNow(DefaultPromise.java:552) ~[netty-all-4.1.68.Final.jar%2329!/:4.1.68.Final]
	at io.netty.util.concurrent.DefaultPromise.notifyListeners(DefaultPromise.java:491) ~[netty-all-4.1.68.Final.jar%2329!/:4.1.68.Final]
	at io.netty.util.concurrent.DefaultPromise.addListener(DefaultPromise.java:184) ~[netty-all-4.1.68.Final.jar%2329!/:4.1.68.Final]
	at io.netty.channel.DefaultChannelPromise.addListener(DefaultChannelPromise.java:95) ~[netty-all-4.1.68.Final.jar%2329!/:4.1.68.Final]
	at io.netty.channel.DefaultChannelPromise.addListener(DefaultChannelPromise.java:30) ~[netty-all-4.1.68.Final.jar%2329!/:4.1.68.Final]
	at net.minecraft.network.Connection.m_178303_(Connection.java:216) ~[server-1.18.2-20220404.173914-srg.jar%2389!/:?]
	at net.minecraft.network.Connection.lambda$sendPacket$8(Connection.java:203) ~[server-1.18.2-20220404.173914-srg.jar%2389!/:?]
	at io.netty.util.concurrent.AbstractEventExecutor.safeExecute(AbstractEventExecutor.java:164) [netty-all-4.1.68.Final.jar%2329!/:4.1.68.Final]
	at io.netty.util.concurrent.SingleThreadEventExecutor.runAllTasks(SingleThreadEventExecutor.java:469) [netty-all-4.1.68.Final.jar%2329!/:4.1.68.Final]
	at io.netty.channel.nio.NioEventLoop.run(NioEventLoop.java:500) [netty-all-4.1.68.Final.jar%2329!/:4.1.68.Final]
	at io.netty.util.concurrent.SingleThreadEventExecutor$4.run(SingleThreadEventExecutor.java:986) [netty-all-4.1.68.Final.jar%2329!/:4.1.68.Final]
	at io.netty.util.internal.ThreadExecutorMap$2.run(ThreadExecutorMap.java:74) [netty-all-4.1.68.Final.jar%2329!/:4.1.68.Final]
	at java.lang.Thread.run(Thread.java:833) [?:?]
[15May2023 01:31:35.250] [Server thread/WARN] [net.minecraft.server.network.ServerGamePacketListenerImpl/]: XTACISSS moved too quickly! 246.4088091924081,-5.0,312.63743225776756
[15May2023 01:31:35.276] [Server thread/WARN] [net.minecraft.server.network.ServerGamePacketListenerImpl/]: XTACISSS moved too quickly! 246.4088091924081,-5.0,312.63743225776756
[15May2023 01:31:35.284] [Server thread/WARN] [net.minecraft.server.network.ServerGamePacketListenerImpl/]: XTACISSS moved too quickly! 246.4088091924081,-5.0,312.63743225776756
[15May2023 01:31:39.623] [Server thread/INFO] [net.minecraft.server.network.ServerGamePacketListenerImpl/]: XTACISSS lost connection: Disconnected
[15May2023 01:31:39.638] [Server thread/INFO] [net.minecraft.server.dedicated.DedicatedServer/]: XTACISSS left the game
[15May2023 01:31:39.639] [Server thread/INFO] [voicechat/]: Disconnecting client XTACISSS
[15May2023 01:31:45.693] [Server thread/INFO] [net.minecraft.server.MinecraftServer/]: Stopping server
[15May2023 01:31:45.694] [Server thread/INFO] [net.minecraft.server.MinecraftServer/]: Saving players
[15May2023 01:31:45.694] [Server thread/INFO] [net.minecraft.server.MinecraftServer/]: Saving worlds
[15May2023 01:31:46.742] [Server thread/INFO] [net.minecraft.server.MinecraftServer/]: Saving chunks for level 'ServerLevel[world]'/minecraft:overworld
[15May2023 01:31:46.877] [Server thread/INFO] [net.minecraft.server.MinecraftServer/]: Saving chunks for level 'ServerLevel[world]'/blue_skies:everbright
[15May2023 01:31:46.878] [Server thread/INFO] [net.minecraft.server.MinecraftServer/]: Saving chunks for level 'ServerLevel[world]'/blue_skies:everdawn
[15May2023 01:31:46.888] [Server thread/INFO] [net.minecraft.server.MinecraftServer/]: Saving chunks for level 'ServerLevel[world]'/minecraft:the_end
[15May2023 01:31:46.893] [Server thread/INFO] [net.minecraft.server.MinecraftServer/]: Saving chunks for level 'ServerLevel[world]'/minecraft:the_nether
[15May2023 01:31:46.919] [Server thread/INFO] [net.minecraft.server.MinecraftServer/]: ThreadedAnvilChunkStorage (world): All chunks are saved
[15May2023 01:31:46.920] [Server thread/INFO] [net.minecraft.server.MinecraftServer/]: ThreadedAnvilChunkStorage (everbright): All chunks are saved
[15May2023 01:31:46.920] [Server thread/INFO] [net.minecraft.server.MinecraftServer/]: ThreadedAnvilChunkStorage (everdawn): All chunks are saved
[15May2023 01:31:46.926] [Server thread/INFO] [net.minecraft.server.MinecraftServer/]: ThreadedAnvilChunkStorage (DIM1): All chunks are saved
[15May2023 01:31:46.927] [Server thread/INFO] [net.minecraft.server.MinecraftServer/]: ThreadedAnvilChunkStorage (DIM-1): All chunks are saved
[15May2023 01:31:46.927] [Server thread/INFO] [net.minecraft.server.MinecraftServer/]: ThreadedAnvilChunkStorage: All dimensions are saved
